[    0.000000] Linux version 4.15.0-50-generic (buildd@lcy01-amd64-013) (gcc version 7.3.0 (Ubuntu 7.3.0-16ubuntu3)) #54-Ubuntu SMP Mon May 6 18:46:08 UTC 2019 (Ubuntu 4.15.0-50.54-generic 4.15.18)
[    0.000000] Command line: BOOT_IMAGE=/boot/vmlinuz-4.15.0-50-generic root=LABEL=cloudimg-rootfs ro console=tty1 console=ttyS0
[    0.000000] KERNEL supported cpus:
[    0.000000]   Intel GenuineIntel
[    0.000000]   AMD AuthenticAMD
[    0.000000]   Centaur CentaurHauls
[    0.000000] x86/fpu: Supporting XSAVE feature 0x001: 'x87 floating point registers'
[    0.000000] x86/fpu: Supporting XSAVE feature 0x002: 'SSE registers'
[    0.000000] x86/fpu: Supporting XSAVE feature 0x004: 'AVX registers'
[    0.000000] x86/fpu: xstate_offset[2]:  576, xstate_sizes[2]:  256
[    0.000000] x86/fpu: Enabled xstate features 0x7, context size is 832 bytes, using 'standard' format.
[    0.000000] e820: BIOS-provided physical RAM map:
[    0.000000] BIOS-e820: [mem 0x0000000000000000-0x000000000009fbff] usable
[    0.000000] BIOS-e820: [mem 0x000000000009fc00-0x000000000009ffff] reserved
[    0.000000] BIOS-e820: [mem 0x00000000000f0000-0x00000000000fffff] reserved
[    0.000000] BIOS-e820: [mem 0x0000000000100000-0x000000000ffeffff] usable
[    0.000000] BIOS-e820: [mem 0x000000000fff0000-0x000000000fffffff] ACPI data
[    0.000000] BIOS-e820: [mem 0x00000000fec00000-0x00000000fec00fff] reserved
[    0.000000] BIOS-e820: [mem 0x00000000fee00000-0x00000000fee00fff] reserved
[    0.000000] BIOS-e820: [mem 0x00000000fffc0000-0x00000000ffffffff] reserved
[    0.000000] NX (Execute Disable) protection: active
[    0.000000] SMBIOS 2.5 present.
[    0.000000] DMI: innotek GmbH VirtualBox/VirtualBox, BIOS VirtualBox 12/01/2006
[    0.000000] Hypervisor detected: KVM
[    0.000000] e820: last_pfn = 0xfff0 max_arch_pfn = 0x400000000
[    0.000000] MTRR: Disabled
[    0.000000] x86/PAT: MTRRs disabled, skipping PAT initialization too.
[    0.000000] CPU MTRRs all blank - virtualized system.
[    0.000000] x86/PAT: Configuration [0-7]: WB  WT  UC- UC  WB  WT  UC- UC  
[    0.000000] found SMP MP-table at [mem 0x0009fff0-0x0009ffff] mapped at [        (ptrval)]
[    0.000000] Scanning 1 areas for low memory corruption
[    0.000000] RAMDISK: [mem 0x0dc3f000-0x0eec8fff]
[    0.000000] ACPI: Early table checksum verification disabled
[    0.000000] ACPI: RSDP 0x00000000000E0000 000024 (v02 VBOX  )
[    0.000000] ACPI: XSDT 0x000000000FFF0030 00003C (v01 VBOX   VBOXXSDT 00000001 ASL  00000061)
[    0.000000] ACPI: FACP 0x000000000FFF00F0 0000F4 (v04 VBOX   VBOXFACP 00000001 ASL  00000061)
[    0.000000] ACPI: DSDT 0x000000000FFF0470 0022EA (v02 VBOX   VBOXBIOS 00000002 INTL 20100528)
[    0.000000] ACPI: FACS 0x000000000FFF0200 000040
[    0.000000] ACPI: FACS 0x000000000FFF0200 000040
[    0.000000] ACPI: APIC 0x000000000FFF0240 00005C (v02 VBOX   VBOXAPIC 00000001 ASL  00000061)
[    0.000000] ACPI: SSDT 0x000000000FFF02A0 0001CC (v01 VBOX   VBOXCPUT 00000002 INTL 20100528)
[    0.000000] No NUMA configuration found
[    0.000000] Faking a node at [mem 0x0000000000000000-0x000000000ffeffff]
[    0.000000] NODE_DATA(0) allocated [mem 0x0ffc5000-0x0ffeffff]
[    0.000000] kvm-clock: cpu 0, msr 0:ff44001, primary cpu clock
[    0.000000] kvm-clock: Using msrs 4b564d01 and 4b564d00
[    0.000000] kvm-clock: using sched offset of 5924237794 cycles
[    0.000000] clocksource: kvm-clock: mask: 0xffffffffffffffff max_cycles: 0x1cd42e4dffb, max_idle_ns: 881590591483 ns
[    0.000000] Zone ranges:
[    0.000000]   DMA      [mem 0x0000000000001000-0x0000000000ffffff]
[    0.000000]   DMA32    [mem 0x0000000001000000-0x000000000ffeffff]
[    0.000000]   Normal   empty
[    0.000000]   Device   empty
[    0.000000] Movable zone start for each node
[    0.000000] Early memory node ranges
[    0.000000]   node   0: [mem 0x0000000000001000-0x000000000009efff]
[    0.000000]   node   0: [mem 0x0000000000100000-0x000000000ffeffff]
[    0.000000] Reserved but unavailable: 114 pages
[    0.000000] Initmem setup node 0 [mem 0x0000000000001000-0x000000000ffeffff]
[    0.000000] ACPI: PM-Timer IO Port: 0x4008
[    0.000000] IOAPIC[0]: apic_id 2, version 32, address 0xfec00000, GSI 0-23
[    0.000000] ACPI: INT_SRC_OVR (bus 0 bus_irq 0 global_irq 2 dfl dfl)
[    0.000000] ACPI: INT_SRC_OVR (bus 0 bus_irq 9 global_irq 9 low level)
[    0.000000] Using ACPI (MADT) for SMP configuration information
[    0.000000] smpboot: Allowing 2 CPUs, 0 hotplug CPUs
[    0.000000] PM: Registered nosave memory: [mem 0x00000000-0x00000fff]
[    0.000000] PM: Registered nosave memory: [mem 0x0009f000-0x0009ffff]
[    0.000000] PM: Registered nosave memory: [mem 0x000a0000-0x000effff]
[    0.000000] PM: Registered nosave memory: [mem 0x000f0000-0x000fffff]
[    0.000000] e820: [mem 0x10000000-0xfebfffff] available for PCI devices
[    0.000000] Booting paravirtualized kernel on KVM
[    0.000000] clocksource: refined-jiffies: mask: 0xffffffff max_cycles: 0xffffffff, max_idle_ns: 7645519600211568 ns
[    0.000000] random: get_random_bytes called from start_kernel+0x99/0x4fd with crng_init=0
[    0.000000] setup_percpu: NR_CPUS:8192 nr_cpumask_bits:2 nr_cpu_ids:2 nr_node_ids:1
[    0.000000] percpu: Embedded 46 pages/cpu @        (ptrval) s151552 r8192 d28672 u1048576
[    0.000000] PV qspinlock hash table entries: 256 (order: 0, 4096 bytes)
[    0.000000] Built 1 zonelists, mobility grouping on.  Total pages: 64377
[    0.000000] Policy zone: DMA32
[    0.000000] Kernel command line: BOOT_IMAGE=/boot/vmlinuz-4.15.0-50-generic root=LABEL=cloudimg-rootfs ro console=tty1 console=ttyS0
[    0.000000] Memory: 209448K/261688K available (12300K kernel code, 2474K rwdata, 4276K rodata, 2412K init, 2416K bss, 52240K reserved, 0K cma-reserved)
[    0.000000] SLUB: HWalign=64, Order=0-3, MinObjects=0, CPUs=2, Nodes=1
[    0.000000] Kernel/User page tables isolation: enabled
[    0.000000] ftrace: allocating 39233 entries in 154 pages
[    0.004000] Hierarchical RCU implementation.
[    0.004000] 	RCU restricting CPUs from NR_CPUS=8192 to nr_cpu_ids=2.
[    0.004000] 	Tasks RCU enabled.
[    0.004000] RCU: Adjusting geometry for rcu_fanout_leaf=16, nr_cpu_ids=2
[    0.004000] NR_IRQS: 524544, nr_irqs: 440, preallocated irqs: 16
[    0.004000] Console: colour VGA+ 80x25
[    0.004000] console [tty1] enabled
[    0.004000] console [ttyS0] enabled
[    0.004000] ACPI: Core revision 20170831
[    0.004000] ACPI: 2 ACPI AML tables successfully acquired and loaded
[    0.004000] APIC: Switch to symmetric I/O mode setup
[    0.004000] x2apic enabled
[    0.004000] Switched APIC routing to physical x2apic.
[    0.004000] ..TIMER: vector=0x30 apic1=0 pin1=2 apic2=-1 pin2=-1
[    0.004003] tsc: Detected 2807.998 MHz processor
[    0.004846] Calibrating delay loop (skipped) preset value.. 5615.99 BogoMIPS (lpj=11231992)
[    0.005494] pid_max: default: 32768 minimum: 301
[    0.008034] Security Framework initialized
[    0.008792] Yama: becoming mindful.
[    0.009465] AppArmor: AppArmor initialized
[    0.010267] Dentry cache hash table entries: 32768 (order: 6, 262144 bytes)
[    0.011499] Inode-cache hash table entries: 16384 (order: 5, 131072 bytes)
[    0.012008] Mount-cache hash table entries: 512 (order: 0, 4096 bytes)
[    0.013561] Mountpoint-cache hash table entries: 512 (order: 0, 4096 bytes)
[    0.016239] mce: CPU supports 0 MCE banks
[    0.017301] Last level iTLB entries: 4KB 64, 2MB 8, 4MB 8
[    0.018271] Last level dTLB entries: 4KB 64, 2MB 0, 4MB 0, 1GB 4
[    0.019345] Spectre V2 : Mitigation: Full generic retpoline
[    0.020002] Spectre V2 : Spectre v2 / SpectreRSB mitigation: Filling RSB on context switch
[    0.021591] Speculative Store Bypass: Vulnerable
[    0.022483] MDS: Mitigation: Clear CPU buffers
[    0.024076] Freeing SMP alternatives memory: 36K
[    0.028000] smpboot: CPU0: Intel(R) Core(TM) i7-7700HQ CPU @ 2.80GHz (family: 0x6, model: 0x9e, stepping: 0x9)
[    0.028000] Performance Events: unsupported p6 CPU model 158 no PMU driver, software events only.
[    0.028000] Hierarchical SRCU implementation.
[    0.028520] NMI watchdog: Perf event create on CPU 0 failed with -2
[    0.029806] NMI watchdog: Perf NMI watchdog permanently disabled
[    0.030914] smp: Bringing up secondary CPUs ...
[    0.032068] x86: Booting SMP configuration:
[    0.032871] .... node  #0, CPUs:      #1
[    0.004000] kvm-clock: cpu 1, msr 0:ff44041, secondary cpu clock
[    0.004000] mce: CPU supports 0 MCE banks
[    0.036020] smp: Brought up 1 node, 2 CPUs
[    0.037216] smpboot: Max logical packages: 1
[    0.040011] smpboot: Total of 2 processors activated (11231.99 BogoMIPS)
[    0.041900] devtmpfs: initialized
[    0.044046] x86/mm: Memory block size: 128MB
[    0.044921] evm: security.selinux
[    0.045559] evm: security.SMACK64
[    0.046374] evm: security.SMACK64EXEC
[    0.047061] evm: security.SMACK64TRANSMUTE
[    0.047824] evm: security.SMACK64MMAP
[    0.048003] evm: security.apparmor
[    0.048652] evm: security.ima
[    0.049247] evm: security.capability
[    0.049984] clocksource: jiffies: mask: 0xffffffff max_cycles: 0xffffffff, max_idle_ns: 7645041785100000 ns
[    0.052008] futex hash table entries: 512 (order: 3, 32768 bytes)
[    0.053252] pinctrl core: initialized pinctrl subsystem
[    0.054333] RTC time: 14:36:47, date: 12/09/19
[    0.055295] NET: Registered protocol family 16
[    0.056096] audit: initializing netlink subsys (disabled)
[    0.057129] audit: type=2000 audit(1575902214.527:1): state=initialized audit_enabled=0 res=1
[    0.060012] cpuidle: using governor ladder
[    0.060792] cpuidle: using governor menu
[    0.061560] ACPI: bus type PCI registered
[    0.062309] acpiphp: ACPI Hot Plug PCI Controller Driver version: 0.5
[    0.063621] PCI: Using configuration type 1 for base access
[    0.064832] HugeTLB registered 2.00 MiB page size, pre-allocated 0 pages
[    0.065552] ACPI: Added _OSI(Module Device)
[    0.068006] ACPI: Added _OSI(Processor Device)
[    0.068825] ACPI: Added _OSI(3.0 _SCP Extensions)
[    0.069681] ACPI: Added _OSI(Processor Aggregator Device)
[    0.070668] ACPI: Added _OSI(Linux-Dell-Video)
[    0.071531] ACPI: Added _OSI(Linux-Lenovo-NV-HDMI-Audio)
[    0.072004] ACPI: Added _OSI(Linux-HPI-Hybrid-Graphics)
[    0.073615] ACPI: Executed 1 blocks of module-level executable AML code
[    0.078486] ACPI: Interpreter enabled
[    0.079668] ACPI: (supports S0 S5)
[    0.080002] ACPI: Using IOAPIC for interrupt routing
[    0.081117] PCI: Using host bridge windows from ACPI; if necessary, use "pci=nocrs" and report a bug
[    0.082964] ACPI: Enabled 2 GPEs in block 00 to 07
[    0.090848] ACPI: PCI Root Bridge [PCI0] (domain 0000 [bus 00-ff])
[    0.092012] acpi PNP0A03:00: _OSC: OS supports [ASPM ClockPM Segments MSI]
[    0.093649] acpi PNP0A03:00: _OSC: not requesting OS control; OS requires [ExtendedConfig ASPM ClockPM MSI]
[    0.095589] acpi PNP0A03:00: fail to add MMCONFIG information, can't access extended PCI configuration space under this bridge.
[    0.096414] PCI host bridge to bus 0000:00
[    0.097476] pci_bus 0000:00: root bus resource [io  0x0000-0x0cf7 window]
[    0.100004] pci_bus 0000:00: root bus resource [io  0x0d00-0xffff window]
[    0.101199] pci_bus 0000:00: root bus resource [mem 0x000a0000-0x000bffff window]
[    0.102662] pci_bus 0000:00: root bus resource [mem 0x10000000-0xfdffffff window]
[    0.104004] pci_bus 0000:00: root bus resource [bus 00-ff]
[    0.108782] pci 0000:00:01.1: legacy IDE quirk: reg 0x10: [io  0x01f0-0x01f7]
[    0.110557] pci 0000:00:01.1: legacy IDE quirk: reg 0x14: [io  0x03f6]
[    0.111778] pci 0000:00:01.1: legacy IDE quirk: reg 0x18: [io  0x0170-0x0177]
[    0.112005] pci 0000:00:01.1: legacy IDE quirk: reg 0x1c: [io  0x0376]
[    0.125034] pci 0000:00:07.0: quirk: [io  0x4000-0x403f] claimed by PIIX4 ACPI
[    0.127119] pci 0000:00:07.0: quirk: [io  0x4100-0x410f] claimed by PIIX4 SMB
[    0.134855] ACPI: PCI Interrupt Link [LNKA] (IRQs 5 9 10 *11)
[    0.136286] ACPI: PCI Interrupt Link [LNKB] (IRQs 5 9 *10 11)
[    0.137435] ACPI: PCI Interrupt Link [LNKC] (IRQs 5 *9 10 11)
[    0.138930] ACPI: PCI Interrupt Link [LNKD] (IRQs 5 9 10 *11)
[    0.140385] SCSI subsystem initialized
[    0.141146] pci 0000:00:02.0: vgaarb: setting as boot VGA device
[    0.141146] pci 0000:00:02.0: vgaarb: VGA device added: decodes=io+mem,owns=io+mem,locks=none
[    0.144012] pci 0000:00:02.0: vgaarb: bridge control possible
[    0.145109] vgaarb: loaded
[    0.145667] ACPI: bus type USB registered
[    0.146431] usbcore: registered new interface driver usbfs
[    0.148014] usbcore: registered new interface driver hub
[    0.148989] usbcore: registered new device driver usb
[    0.149967] EDAC MC: Ver: 3.0.0
[    0.152058] PCI: Using ACPI for IRQ routing
[    0.153221] NetLabel: Initializing
[    0.153874] NetLabel:  domain hash size = 128
[    0.154720] NetLabel:  protocols = UNLABELED CIPSOv4 CALIPSO
[    0.155827] NetLabel:  unlabeled traffic allowed by default
[    0.157345] clocksource: Switched to clocksource kvm-clock
[    0.167130] VFS: Disk quotas dquot_6.6.0
[    0.168164] VFS: Dquot-cache hash table entries: 512 (order 0, 4096 bytes)
[    0.170349] AppArmor: AppArmor Filesystem Enabled
[    0.171810] pnp: PnP ACPI init
[    0.174106] pnp: PnP ACPI: found 3 devices
[    0.183655] clocksource: acpi_pm: mask: 0xffffff max_cycles: 0xffffff, max_idle_ns: 2085701024 ns
[    0.185946] NET: Registered protocol family 2
[    0.187651] TCP established hash table entries: 2048 (order: 2, 16384 bytes)
[    0.189197] TCP bind hash table entries: 2048 (order: 3, 32768 bytes)
[    0.190518] TCP: Hash tables configured (established 2048 bind 2048)
[    0.191703] UDP hash table entries: 256 (order: 1, 8192 bytes)
[    0.192879] UDP-Lite hash table entries: 256 (order: 1, 8192 bytes)
[    0.194128] NET: Registered protocol family 1
[    0.195190] pci 0000:00:00.0: Limiting direct PCI/PCI transfers
[    0.196755] pci 0000:00:01.0: Activating ISA DMA hang workarounds
[    0.198262] pci 0000:00:02.0: Video device with shadowed ROM at [mem 0x000c0000-0x000dffff]
[    0.199891] Unpacking initramfs...
[    0.467470] Freeing initrd memory: 18984K
[    0.468929] clocksource: tsc: mask: 0xffffffffffffffff max_cycles: 0x2879c456dd4, max_idle_ns: 440795285767 ns
[    0.471109] platform rtc_cmos: registered platform RTC device (no PNP device found)
[    0.473391] Scanning for low memory corruption every 60 seconds
[    0.475242] Initialise system trusted keyrings
[    0.476097] Key type blacklist registered
[    0.476946] workingset: timestamp_bits=36 max_order=16 bucket_order=0
[    0.478990] zbud: loaded
[    0.480096] squashfs: version 4.0 (2009/01/31) Phillip Lougher
[    0.481459] fuse init (API version 7.26)
[    0.489788] Key type asymmetric registered
[    0.490604] Asymmetric key parser 'x509' registered
[    0.491600] Block layer SCSI generic (bsg) driver version 0.4 loaded (major 246)
[    0.493096] io scheduler noop registered
[    0.494127] io scheduler deadline registered
[    0.495138] io scheduler cfq registered (default)
[    0.496689] ACPI: AC Adapter [AC] (on-line)
[    0.497625] input: Power Button as /devices/LNXSYSTM:00/LNXPWRBN:00/input/input0
[    0.499150] ACPI: Power Button [PWRF]
[    0.499949] input: Sleep Button as /devices/LNXSYSTM:00/LNXSLPBN:00/input/input1
[    0.501394] ACPI: Sleep Button [SLPF]
[    0.504434] ACPI: Battery Slot [BAT0] (battery present)
[    0.504517] Serial: 8250/16550 driver, 32 ports, IRQ sharing enabled
[    0.526936] 00:02: ttyS0 at I/O 0x3f8 (irq = 4, base_baud = 115200) is a 16550A
[    0.529419] Linux agpgart interface v0.103
[    0.531968] loop: module loaded
[    0.533495] scsi host0: ata_piix
[    0.534263] scsi host1: ata_piix
[    0.534912] ata1: PATA max UDMA/33 cmd 0x1f0 ctl 0x3f6 bmdma 0xd000 irq 14
[    0.536200] ata2: PATA max UDMA/33 cmd 0x170 ctl 0x376 bmdma 0xd008 irq 15
[    0.537712] libphy: Fixed MDIO Bus: probed
[    0.538524] tun: Universal TUN/TAP device driver, 1.6
[    0.539480] PPP generic driver version 2.4.2
[    0.540333] ehci_hcd: USB 2.0 'Enhanced' Host Controller (EHCI) Driver
[    0.541504] ehci-pci: EHCI PCI platform driver
[    0.542336] ehci-platform: EHCI generic platform driver
[    0.543287] ohci_hcd: USB 1.1 'Open' Host Controller (OHCI) Driver
[    0.545005] ohci-pci: OHCI PCI platform driver
[    0.546540] ohci-platform: OHCI generic platform driver
[    0.548005] uhci_hcd: USB Universal Host Controller Interface driver
[    0.549277] i8042: PNP: PS/2 Controller [PNP0303:PS2K,PNP0f03:PS2M] at 0x60,0x64 irq 1,12
[    0.551457] serio: i8042 KBD port at 0x60,0x64 irq 1
[    0.553920] serio: i8042 AUX port at 0x60,0x64 irq 12
[    0.555518] mousedev: PS/2 mouse device common for all mice
[    0.556799] input: AT Translated Set 2 keyboard as /devices/platform/i8042/serio0/input/input2
[    0.558714] rtc_cmos rtc_cmos: rtc core: registered rtc_cmos as rtc0
[    0.559899] rtc_cmos rtc_cmos: alarms up to one day, 114 bytes nvram
[    0.561082] i2c /dev entries driver
[    0.561759] pcie_mp2_amd: AMD(R) PCI-E MP2 Communication Driver Version: 1.0
[    0.563065] device-mapper: uevent: version 1.0.3
[    0.563963] device-mapper: ioctl: 4.37.0-ioctl (2017-09-20) initialised: dm-devel@redhat.com
[    0.565575] ledtrig-cpu: registered to indicate activity on CPUs
[    0.567062] NET: Registered protocol family 10
[    0.571821] Segment Routing with IPv6
[    0.572838] NET: Registered protocol family 17
[    0.573893] Key type dns_resolver registered
[    0.574852] RAS: Correctable Errors collector initialized.
[    0.575860] sched_clock: Marking stable (574785006, 0)->(836222748, -261437742)
[    0.577647] registered taskstats version 1
[    0.578458] Loading compiled-in X.509 certificates
[    0.581467] Loaded X.509 cert 'Build time autogenerated kernel key: 0d5cb4b7de8533fd8e7240d711ae9d354ea3dca1'
[    0.583435] zswap: loaded using pool lzo/zbud
[    0.588876] Key type big_key registered
[    0.589780] Key type trusted registered
[    0.592185] Key type encrypted registered
[    0.593320] AppArmor: AppArmor sha1 policy hashing enabled
[    0.594317] ima: No TPM chip found, activating TPM-bypass! (rc=-19)
[    0.595437] ima: Allocated hash algorithm: sha1
[    0.596334] evm: HMAC attrs: 0x1
[    0.597252]   Magic number: 15:777:636
[    0.597973] power_supply AC: hash matches
[    0.598796] rtc_cmos rtc_cmos: setting system clock to 2019-12-09 14:36:47 UTC (1575902207)
[    0.600392] BIOS EDD facility v0.16 2004-Jun-25, 0 devices found
[    0.601467] EDD information not available.
[    0.699807] Freeing unused kernel image memory: 2412K
[    0.712593] Write protecting the kernel read-only data: 20480k
[    0.715987] Freeing unused kernel image memory: 2008K
[    0.717688] Freeing unused kernel image memory: 1868K
[    0.725505] x86/mm: Checked W+X mappings: passed, no W+X pages found.
[    0.727486] x86/mm: Checking user space page tables
[    0.734010] x86/mm: Checked W+X mappings: passed, no W+X pages found.
Loading, please wait...
starting version 237
[    0.795244] e1000: Intel(R) PRO/1000 Network Driver - version 7.3.21-k8-NAPI
[    0.797094] e1000: Copyright (c) 1999-2006 Intel Corporation.
[    0.801093] Fusion MPT base driver 3.04.20
[    0.802220] Copyright (c) 1999-2008 LSI Corporation
[    0.811636] Fusion MPT SPI Host driver 3.04.20
[    0.821747] AVX2 version of gcm_enc/dec engaged.
[    0.823215] AES CTR mode by8 optimization enabled
[    1.009318] input: ImExPS/2 Generic Explorer Mouse as /devices/platform/i8042/serio1/input/input4
[    1.217220] e1000 0000:00:03.0 eth0: (PCI:33MHz:32-bit) 02:74:f0:c0:9d:60
[    1.219130] e1000 0000:00:03.0 eth0: Intel(R) PRO/1000 Network Connection
[    1.222180] mptbase: ioc0: Initiating bringup
[    1.317579] ioc0: LSI53C1030 A0: Capabilities={Initiator}
[    1.563787] scsi host2: ioc0: LSI53C1030 A0, FwRev=00000000h, Ports=1, MaxQ=256, IRQ=20
[    1.732786] scsi 2:0:0:0: Direct-Access     VBOX     HARDDISK         1.0  PQ: 0 ANSI: 5
[    1.768713] scsi target2:0:0: Beginning Domain Validation
[    1.825523] scsi target2:0:0: Domain Validation skipping write tests
[    1.826995] scsi target2:0:0: Ending Domain Validation
[    1.832298] scsi target2:0:0: asynchronous
[    1.840092] scsi 2:0:1:0: Direct-Access     VBOX     HARDDISK         1.0  PQ: 0 ANSI: 5
[    2.124183] scsi target2:0:1: Beginning Domain Validation
[    2.127696] random: fast init done
[    2.128876] scsi target2:0:1: Domain Validation skipping write tests
[    2.130244] scsi target2:0:1: Ending Domain Validation
[    2.131397] scsi target2:0:1: asynchronous
[    2.135982] random: systemd-udevd: uninitialized urandom read (16 bytes read)
[    2.138453] random: systemd-udevd: uninitialized urandom read (16 bytes read)
[    2.140338] random: systemd-udevd: uninitialized urandom read (16 bytes read)
[    2.142482] sd 2:0:0:0: Attached scsi generic sg0 type 0
[    2.144164] sd 2:0:0:0: [sda] 20971520 512-byte logical blocks: (10.7 GB/10.0 GiB)
[    2.145741] sd 2:0:0:0: [sda] Write Protect is off
[    2.146306] e1000 0000:00:08.0 eth1: (PCI:33MHz:32-bit) 08:00:27:10:5c:d8
[    2.146415] e1000 0000:00:08.0 eth1: Intel(R) PRO/1000 Network Connection
[    2.148382] e1000 0000:00:08.0 enp0s8: renamed from eth1
[    2.151608] sd 2:0:1:0: Attached scsi generic sg1 type 0
[    2.151703] sd 2:0:0:0: [sda] Incomplete mode parameter data
[    2.151704] sd 2:0:0:0: [sda] Assuming drive cache: write through
[    2.156202] sd 2:0:1:0: [sdb] 20480 512-byte logical blocks: (10.5 MB/10.0 MiB)
[    2.158060]  sda: sda1
[    2.158792] sd 2:0:1:0: [sdb] Write Protect is off
[    2.159202] sd 2:0:0:0: [sda] Attached SCSI disk
[    2.160866] sd 2:0:1:0: [sdb] Incomplete mode parameter data
[    2.161920] sd 2:0:1:0: [sdb] Assuming drive cache: write through
[    2.164673] e1000 0000:00:03.0 enp0s3: renamed from eth0
[    2.173579] sd 2:0:1:0: [sdb] Attached SCSI disk
Begin: Loading essential drivers ... [    3.604199] raid6: sse2x1   gen() 11117 MB/s
[    3.652201] raid6: sse2x1   xor()  8088 MB/s
[    3.700263] raid6: sse2x2   gen() 13386 MB/s
[    3.748566] raid6: sse2x2   xor()  9380 MB/s
[    3.796070] raid6: sse2x4   gen() 15023 MB/s
[    3.844006] raid6: sse2x4   xor()  9016 MB/s
[    3.892239] raid6: avx2x1   gen() 21574 MB/s
[    3.940193] raid6: avx2x1   xor() 15325 MB/s
[    3.988207] raid6: avx2x2   gen() 26160 MB/s
[    4.036032] raid6: avx2x2   xor() 17056 MB/s
[    4.084255] raid6: avx2x4   gen() 30931 MB/s
[    4.132262] raid6: avx2x4   xor() 19067 MB/s
[    4.133672] raid6: using algorithm avx2x4 gen() 30931 MB/s
[    4.135474] raid6: .... xor() 19067 MB/s, rmw enabled
[    4.136495] raid6: using avx2x2 recovery algorithm
[    4.139144] xor: automatically using best checksumming function   avx       
[    4.142320] async_tx: api initialized (async)
done.
Begin: Running /scripts/init-premount ... done.
Begin: Mounting root file system ... Begin: Running /scripts/local-top ... done.
Begin: Running /scripts/local-premount ... [    4.183067] Btrfs loaded, crc32c=crc32c-intel
Scanning for Btrfs filesystems
done.
Warning: fsck not present, so skipping root file system
[    4.222590] EXT4-fs (sda1): mounted filesystem with ordered data mode. Opts: (null)
done.
Begin: Running /scripts/local-bottom ... done.
Begin: Running /scripts/init-bottom ... done.
[    4.406606] ip_tables: (C) 2000-2006 Netfilter Core Team
[    4.416368] systemd[1]: systemd 237 running in system mode. (+PAM +AUDIT +SELINUX +IMA +APPARMOR +SMACK +SYSVINIT +UTMP +LIBCRYPTSETUP +GCRYPT +GNUTLS +ACL +XZ +LZ4 +SECCOMP +BLKID +ELFUTILS +KMOD -IDN2 +IDN -PCRE2 default-hierarchy=hybrid)
[    4.420448] systemd[1]: Detected virtualization oracle.
[    4.421475] systemd[1]: Detected architecture x86-64.

Welcome to [1mUbuntu 18.04.2 LTS[0m!

[    4.441908] systemd[1]: Set hostname to <ubuntu>.
[    4.688331] systemd[1]: Set up automount Arbitrary Executable File Formats File System Automount Point.
[[0;32m  OK  [0m] Set up automount Arbitrary Executab…rmats File System Automount Point.
[    4.691360] systemd[1]: Reached target System Time Synchronized.
[[0;32m  OK  [0m] Reached target System Time Synchronized.
[    4.693336] systemd[1]: Reached target Swap.
[[0;32m  OK  [0m] Reached target Swap.
[    4.697238] systemd[1]: Created slice System Slice.
[[0;32m  OK  [0m] Created slice System Slice.
[    4.698987] systemd[1]: Listening on Journal Socket.
[[0;32m  OK  [0m] Listening on Journal Socket.
[    4.701931] systemd[1]: Mounting POSIX Message Queue File System...
         Mounting POSIX Message Queue File System...
[[0;32m  OK  [0m] Listening on Device-mapper event daemon FIFOs.
[[0;32m  OK  [0m] Created slice system-serial\x2dgetty.slice.
         Starting Set the console keyboard layout...
[[0;32m  OK  [0m] Listening on udev Kernel Socket.
         Starting Load Kernel Modules...
         Mounting Huge Pages File System...
[[0;32m  OK  [0m] Listening on LVM2 metadata daemon socket.
[[0;32m  OK  [0m] Listening on udev Control Socket.
         Starting udev Coldplug all Devices...
         Starting Create list of required st…ce nodes for the current kernel...
[[0;32m  OK  [0m] Listening on /dev/initctl Compatibility Named Pipe.
[[0;32m  OK  [0m] Reached target User and Group Name Lookups.
[[0;32m  OK  [0m] Listening on Syslog Socket.
         Starting Uncomplicated firewall...
         Mounting Kernel Debug File System...
[[0;32m  OK  [0m] Listening on Journal Socket (/dev/log).
[[0;32m  OK  [0m] Listening on Network Service Netlink Socket.
[[0;32m  OK  [0m] Listening on Journal Audit Socket.
[    4.759467] Loading iSCSI transport class v2.0-870.
         Starting Journal Service...
[[0;32m  OK  [0m] Started Forward Password Requests to Wall Directory Watch.
         Starting Monitoring of LVM2 mirrors…ng dmeventd or progress polling...
[[0;32m  OK  [0m] Created slice User and Session Slice.
[    4.773372] iscsi: registered transport (tcp)
[[0;32m  OK  [0m] Reached target Slices.
         Starting Remount Root and Kernel File Systems...
[[0;32m  OK  [0m] Listening on LVM2 poll daemon socket.
[[0;32m  OK  [0m] Started Create list of required sta…vice nodes for the current kernel.
[[0;32m  OK  [0m] Started Uncomplicated firewall.
         Starting Create Static Device Nodes in /dev...
[[0;32m  OK  [0m] Started udev Coldplug all Devices.
[[0;32m  OK  [0m] Started Journal Service.
[    4.866640] iscsi: registered transport (iser)
[[0;32m  OK  [0m] Started Load Kernel Modules.
         Mounting FUSE Control File System...
         Mounting Kernel Configuration File System...
         Starting Apply Kernel Variables...
[[0;32m  OK  [0m] Started Create Static Device Nodes in /dev.
[[0;32m  OK  [0m] Mounted POSIX Message Queue File System.
[[0;32m  OK  [0m] Mounted Huge Pages File System.
[[0;32m  OK  [0m] Mounted Kernel Debug File System.
[[0;32m  OK  [0m] Mounted FUSE Control File System.
[[0;32m  OK  [0m] Mounted Kernel Configuration File System.
[[0;32m  OK  [0m] Started Apply Kernel Variables.
[[0;32m  OK  [0m] Started LVM2 metadata daemon.
[[0;32m  OK  [0m] Started Remount Root and Kernel File Systems.
         Starting udev Kernel Device Manager...
         Starting Flush Journal to Persistent Storage...
         Starting Load/Save Random Seed...
[[0;32m  OK  [0m] Started Monitoring of LVM2 mirrors,…sing dmeventd or progress polling.
[[0;32m  OK  [0m] Started Load/Save Random Seed.
[[0;32m  OK  [0m] Started udev Kernel Device Manager.
[[0;32m  OK  [0m] Started Set the console keyboard layout.
[[0;32m  OK  [0m] Started Dispatch Password Requests to Console Directory Watch.
[[0;32m  OK  [0m] Reached target Local Encrypted Volumes.
[[0;32m  OK  [0m] Reached target Local File Systems (Pre).
[[0;32m  OK  [0m] Reached target Local File Systems.
         Starting Set console font and keymap...
         Starting Tell Plymouth To Write Out Runtime Data...
         Starting ebtables ruleset management...
         Starting AppArmor initialization...
[[0;32m  OK  [0m] Started Flush Journal to Persistent Storage.
[[0;32m  OK  [0m] Started Set console font and keymap.
         Starting Create Volatile Files and Directories...
[[0;32m  OK  [0m] Started Tell Plymouth To Write Out Runtime Data.
[[0;32m  OK  [0m] Started Create Volatile Files and Directories.
         Starting Update UTMP about System Boot/Shutdown...
[[0;32m  OK  [0m] Started Update UTMP about System Boot/Shutdown.
[[0;32m  OK  [0m] Started ebtables ruleset management.
[[0;32m  OK  [0m] Found device /dev/ttyS0.
[[0;32m  OK  [0m] Listening on Load/Save RF Kill Switch Status /dev/rfkill Watch.
[[0;32m  OK  [0m] Started AppArmor initialization.
         Starting Initial cloud-init job (pre-networking)...
[    6.550577] cloud-init[535]: Cloud-init v. 18.5-45-g3554ffe8-0ubuntu1~18.04.1 running 'init-local' at Mon, 09 Dec 2019 14:36:53 +0000. Up 6.35 seconds.
[[0;32m  OK  [0m] Started Initial cloud-init job (pre-networking).
[[0;32m  OK  [0m] Reached target Network (Pre).
         Starting Network Service...
[[0;32m  OK  [0m] Started Network Service.
         Starting Network Name Resolution...
         Starting Wait for Network to be Configured...
[[0;32m  OK  [0m] Started Network Name Resolution.
[[0;32m  OK  [0m] Reached target Network.
[[0;32m  OK  [0m] Reached target Host and Network Name Lookups.
[[0;32m  OK  [0m] Started Wait for Network to be Configured.
         Starting Initial cloud-init job (metadata service crawler)...
[    8.537183] cloud-init[669]: Cloud-init v. 18.5-45-g3554ffe8-0ubuntu1~18.04.1 running 'init' at Mon, 09 Dec 2019 14:36:55 +0000. Up 8.38 seconds.
[    8.548239] cloud-init[669]: ci-info: ++++++++++++++++++++++++++++++++++++++Net device info+++++++++++++++++++++++++++++++++++++++
[    8.549667] cloud-init[669]: ci-info: +--------+------+-----------------------------+---------------+--------+-------------------+
[    8.551169] cloud-init[669]: ci-info: | Device |  Up  |           Address           |      Mask     | Scope  |     Hw-Address    |
[    8.552599] cloud-init[669]: ci-info: +--------+------+-----------------------------+---------------+--------+-------------------+
[    8.554708] cloud-init[669]: ci-info: | enp0s3 | True |          10.0.2.15          | 255.255.255.0 | global | 02:74:f0:c0:9d:60 |
[    8.556476] cloud-init[669]: ci-info: | enp0s3 | True |  fe80::74:f0ff:fec0:9d60/64 |       .       |  link  | 02:74:f0:c0:9d:60 |
[    8.557891] cloud-init[669]: ci-info: | enp0s8 | True |        192.168.40.80        | 255.255.255.0 | global | 08:00:27:10:5c:d8 |
[    8.559358] cloud-init[669]: ci-info: | enp0s8 | True | fe80::a00:27ff:fe10:5cd8/64 |       .       |  link  | 08:00:27:10:5c:d8 |
[    8.560572] cloud-init[669]: ci-info: |   lo   | True |          127.0.0.1          |   255.0.0.0   |  host  |         .         |
[    8.561911] cloud-init[669]: ci-info: |   lo   | True |           ::1/128           |       .       |  host  |         .         |
[    8.563357] cloud-init[669]: ci-info: +--------+------+-----------------------------+---------------+--------+-------------------+
[    8.564859] cloud-init[669]: ci-info: +++++++++++++++++++++++++++++Route IPv4 info+++++++++++++++++++++++++++++
[    8.576321] cloud-init[669]: ci-info: +-------+--------------+----------+-----------------+-----------+-------+
[    8.588223] cloud-init[669]: ci-info: | Route | Destination  | Gateway  |     Genmask     | Interface | Flags |
[    8.589285] cloud-init[669]: ci-info: +-------+--------------+----------+-----------------+-----------+-------+
[    8.604686] cloud-init[669]: ci-info: |   0   |   0.0.0.0    | 10.0.2.2 |     0.0.0.0     |   enp0s3  |   UG  |
[    8.605787] cloud-init[669]: ci-info: |   1   |   10.0.2.0   | 0.0.0.0  |  255.255.255.0  |   enp0s3  |   U   |
[    8.620335] cloud-init[669]: ci-info: |   2   |   10.0.2.2   | 0.0.0.0  | 255.255.255.255 |   enp0s3  |   UH  |
[    8.621568] cloud-init[669]: ci-info: |   3   | 192.168.40.0 | 0.0.0.0  |  255.255.255.0  |   enp0s8  |   U   |
[    8.622534] cloud-init[669]: ci-info: +-------+--------------+----------+-----------------+-----------+-------+
[    8.624221] cloud-init[669]: ci-info: +++++++++++++++++++Route IPv6 info+++++++++++++++++++
[    8.625571] cloud-init[669]: ci-info: +-------+-------------+---------+-----------+-------+
[    8.626799] cloud-init[669]: ci-info: | Route | Destination | Gateway | Interface | Flags |
[    8.628044] cloud-init[669]: ci-info: +-------+-------------+---------+-----------+-------+
[    8.629269] cloud-init[669]: ci-info: |   1   |  fe80::/64  |    ::   |   enp0s3  |   U   |
[    8.630506] cloud-init[669]: ci-info: |   2   |  fe80::/64  |    ::   |   enp0s8  |   U   |
[    8.631726] cloud-init[669]: ci-info: |   4   |    local    |    ::   |   enp0s3  |   U   |
[    8.632958] cloud-init[669]: ci-info: |   5   |    local    |    ::   |   enp0s8  |   U   |
[    8.634200] cloud-init[669]: ci-info: |   6   |   ff00::/8  |    ::   |   enp0s3  |   U   |
[    8.635673] cloud-init[669]: ci-info: |   7   |   ff00::/8  |    ::   |   enp0s8  |   U   |
[    8.637164] cloud-init[669]: ci-info: +-------+-------------+---------+-----------+-------+
[[0;32m  OK  [0m] Started Initial cloud-init job (metadata service crawler).
[[0;32m  OK  [0m] Reached target Network is Online.
[[0;32m  OK  [0m] Reached target Remote File Systems (Pre).
[[0;32m  OK  [0m] Reached target Remote File Systems.
         Starting Availability of block devices...
[[0;32m  OK  [0m] Reached target System Initialization.
         Starting Socket activation for snappy daemon.
[[0;32m  OK  [0m] Started ACPI Events Check.
[[0;32m  OK  [0m] Started Message of the Day.
[[0;32m  OK  [0m] Reached target Paths.
[[0;32m  OK  [0m] Started Daily apt download activities.
[[0;32m  OK  [0m] Listening on UUID daemon activation socket.
[[0;32m  OK  [0m] Listening on ACPID Listen Socket.
[[0;32m  OK  [0m] Started Discard unused blocks once a week.
[[0;32m  OK  [0m] Listening on Open-iSCSI iscsid Socket.
[[0;32m  OK  [0m] Started Daily Cleanup of Temporary Directories.
[[0;32m  OK  [0m] Started Daily apt upgrade and clean activities.
[[0;32m  OK  [0m] Listening on D-Bus System Message Bus Socket.
         Starting LXD - unix socket.
[[0;32m  OK  [0m] Reached target Timers.
[[0;32m  OK  [0m] Reached target Cloud-config availability.
[[0;32m  OK  [0m] Started Availability of block devices.
[[0;32m  OK  [0m] Listening on Socket activation for snappy daemon.
[[0;32m  OK  [0m] Listening on LXD - unix socket.
[[0;32m  OK  [0m] Reached target Sockets.
[[0;32m  OK  [0m] Reached target Basic System.
         Starting Virtualbox guest utils...
[[0;32m  OK  [0m] Started Regular background program processing daemon.
[[0;32m  OK  [0m] Started Deferred execution scheduler.
         Starting Login Service...
[[0;32m  OK  [0m] Started D-Bus System Message Bus.
[[0;32m  OK  [0m] Started Login Service.
         Starting LSB: Record successful boot for GRUB...
         Starting LXD - container startup/shutdown...
         Starting System Logging Service...
         Starting OpenBSD Secure Shell server...
         Starting Accounts Service...
         Starting The Apache HTTP Server...
[[0;32m  OK  [0m] Started FUSE filesystem for LXC.
         Starting MySQL Community Server...
[[0;32m  OK  [0m] Started Unattended Upgrades Shutdown.
         Starting vsftpd FTP server...
[[0;32m  OK  [0m] Started irqbalance daemon.
         Starting Dispatcher daemon for systemd-networkd...
         Starting Permit User Sessions...
         Starting Snappy daemon...
         Starting LSB: automatic crash report generation...
[[0;32m  OK  [0m] Started System Logging Service.
[[0;32m  OK  [0m] Started LXD - container startup/shutdown.
[[0;32m  OK  [0m] Started vsftpd FTP server.
[[0;32m  OK  [0m] Started Permit User Sessions.
[[0;32m  OK  [0m] Started OpenBSD Secure Shell server.
         Starting Authorization Manager...
         Starting Hold until boot process finishes up...
         Starting Terminate Plymouth Boot Screen...
[[0;32m  OK  [0m] Started Terminate Plymouth Boot Screen.
[[0;32m  OK  [0m] Started Hold until boot process finishes up.
[[0;32m  OK  [0m] Started Serial Getty on ttyS0.
         Starting Set console scheme...
[[0;1;31mFAILED[0m] Failed to start MySQL Community Server.
See 'systemctl status mysql.service' for details.
[[0;32m  OK  [0m] Started Set console scheme.
[[0;32m  OK  [0m] Created slice system-getty.slice.
[[0;32m  OK  [0m] Started Getty on tty1.
[[0;32m  OK  [0m] Reached target Login Prompts.
[[0;32m  OK  [0m] Started LSB: automatic crash report generation.
[[0;32m  OK  [0m] Started LSB: Record successful boot for GRUB.
[[0;32m  OK  [0m] Started Authorization Manager.
[[0;32m  OK  [0m] Started Accounts Service.
[[0;32m  OK  [0m] Stopped MySQL Community Server.
         Starting MySQL Community Server...
[[0;32m  OK  [0m] Started Virtualbox guest utils.
[[0;32m  OK  [0m] Started Snappy daemon.
         Starting Wait until snapd is fully seeded...
[[0;32m  OK  [0m] Created slice User Slice of vagrant.
[[0;32m  OK  [0m] Started Dispatcher daemon for systemd-networkd.
[[0;32m  OK  [0m] Started The Apache HTTP Server.
[[0;1;31mFAILED[0m] Failed to start MySQL Community Server.
See 'systemctl status mysql.service' for details.
[[0;32m  OK  [0m] Started Wait until snapd is fully seeded.
[[0;32m  OK  [0m] Started Session 1 of user vagrant.
         Starting Apply the settings specified in cloud-config...
[[0;32m  OK  [0m] Reached target Multi-User System.
[[0;32m  OK  [0m] Reached target Graphical Interface.
         Starting Update UTMP about System Runlevel Changes...
         Starting User Manager for UID 1000...
[[0;32m  OK  [0m] Stopped MySQL Community Server.
         Starting MySQL Community Server...
[[0;32m  OK  [0m] Started Update UTMP about System Runlevel Changes.
[[0;1;31mFAILED[0m] Failed to start MySQL Community Server.
See 'systemctl status mysql.service' for details.
[[0;32m  OK  [0m] Started User Manager for UID 1000.
[[0;32m  OK  [0m] Stopped MySQL Community Server.
         Starting MySQL Community Server...
[[0;1;31mFAILED[0m] Failed to start MySQL Community Server.
See 'systemctl status mysql.service' for details.
[[0;32m  OK  [0m] Stopped MySQL Community Server.
         Starting MySQL Community Server...
[[0;1;31mFAILED[0m] Failed to start MySQL Community Server.
See 'systemctl status mysql.service' for details.
[   11.705063] cloud-init[1178]: Cloud-init v. 18.5-45-g3554ffe8-0ubuntu1~18.04.1 running 'modules:config' at Mon, 09 Dec 2019 14:36:58 +0000. Up 11.34 seconds.
[[0;32m  OK  [0m] Started Apply the settings specified in cloud-config.
[[0;32m  OK  [0m] Stopped MySQL Community Server.
[[0;1;31mFAILED[0m] Failed to start MySQL Community Server.
See 'systemctl status mysql.service' for details.
         Starting Execute cloud user/final scripts...
[   12.562385] cloud-init[1433]: Cloud-init v. 18.5-45-g3554ffe8-0ubuntu1~18.04.1 running 'modules:final' at Mon, 09 Dec 2019 14:36:59 +0000. Up 12.45 seconds.
[   12.585209] cloud-init[1433]: Cloud-init v. 18.5-45-g3554ffe8-0ubuntu1~18.04.1 finished at Mon, 09 Dec 2019 14:36:59 +0000. Datasource DataSourceNoCloud [seed=/dev/sdb][dsmode=net].  Up 12.55 seconds
[[0;32m  OK  [0m] Started Execute cloud user/final scripts.
[[0;32m  OK  [0m] Reached target Cloud-init target.
         Starting Daily apt download activities...

Ubuntu 18.04.2 LTS ubuntu ttyS0

ubuntu login: [  210.639308] Out of memory: Kill process 2997 (mysqld) score 306 or sacrifice child
[  210.641082] Killed process 2997 (mysqld) total-vm:137896kB, anon-rss:71724kB, file-rss:0kB, shmem-rss:0kB
[  211.777630] Out of memory: Kill process 3010 (mysqld) score 304 or sacrifice child
[  211.778951] Killed process 3010 (mysqld) total-vm:137896kB, anon-rss:71192kB, file-rss:4kB, shmem-rss:0kB
         Starting MySQL Community Server...
[[0;1;31mFAILED[0m] Failed to start MySQL Community Server.
See 'systemctl status mysql.service' for details.
[[0;32m  OK  [0m] Stopped MySQL Community Server.
         Starting MySQL Community Server...
[[0;1;31mFAILED[0m] Failed to start MySQL Community Server.
See 'systemctl status mysql.service' for details.
[[0;32m  OK  [0m] Stopped MySQL Community Server.
         Starting MySQL Community Server...
[[0;1;31mFAILED[0m] Failed to start MySQL Community Server.
See 'systemctl status mysql.service' for details.
[[0;32m  OK  [0m] Stopped MySQL Community Server.
         Starting MySQL Community Server...
[[0;1;31mFAILED[0m] Failed to start MySQL Community Server.
See 'systemctl status mysql.service' for details.
[[0;32m  OK  [0m] Stopped MySQL Community Server.
         Starting MySQL Community Server...
[[0;1;31mFAILED[0m] Failed to start MySQL Community Server.
See 'systemctl status mysql.service' for details.
[[0;32m  OK  [0m] Stopped MySQL Community Server.
[[0;1;31mFAILED[0m] Failed to start MySQL Community Server.
See 'systemctl status mysql.service' for details.
[[0;32m  OK  [0m] Started Daily apt upgrade and clean activities.
[[0;32m  OK  [0m] Closed Load/Save RF Kill Switch Status /dev/rfkill Watch.
[[0;32m  OK  [0m] Stopped target Timers.
[[0;32m  OK  [0m] Stopped Message of the Day.
[[0;32m  OK  [0m] Stopped Daily Cleanup of Temporary Directories.
[[0;32m  OK  [0m] Stopped target Graphical Interface.
         Stopping Authorization Manager...
[[0;32m  OK  [0m] Stopped Daily apt upgrade and clean activities.
         Stopping Session 7 of user vagrant.
[[0;32m  OK  [0m] Stopped target Cloud-init target.
[[0;32m  OK  [0m] Stopped Execute cloud user/final scripts.
[[0;32m  OK  [0m] Stopped target Multi-User System.
         Stopping LSB: automatic crash report generation...
         Stopping Dispatcher daemon for systemd-networkd...
         Stopping LSB: Record successful boot for GRUB...
         Stopping Unattended Upgrades Shutdown...
         Stopping Regular background program processing daemon...
         Stopping The Apache HTTP Server...
[[0;32m  OK  [0m] Stopped target Login Prompts.
         Stopping D-Bus System Message Bus...
         Stopping Deferred execution scheduler...
         Stopping irqbalance daemon...
         Stopping LXD - container startup/shutdown...
         Stopping System Logging Service...
         Stopping FUSE filesystem for LXC...
         Stopping User Manager for UID 1000...
         Stopping Getty on tty1...
[[0;32m  OK  [0m] Stopped Dis         Stopping Serial Getty on ttyS0...
         Stopping Availability of block devices...
         Stopping vsftpd FTP server...
         Stopping Virtualbox guest utils...
[[0;32m  OK  [0m] Stopped Apply the settings specified in cloud-config.
[[0;32m  OK  [0m] Stopped Wait until snapd is fully seeded.
[[0;32m  OK  [0m] Stopped target Network is Online.
[[0;32m  OK  [0m] Stopped target Cloud-config availability.
         Stopping Accounts Service...
         Stopping OpenBSD Secure Shell server...
[[0;32m  OK  [0m] Stopped Daily apt download activities.
[[0;32m  OK  [0m] Stopped target System Time Synchronized.
[[0;32m  OK  [0m] Unmounted /var/lib/lxcfs.
[[0;32m  OK  [0m] Stopped Regular background program processing daemon.
[[0;32m  OK  [0m] Stopped Deferred execution scheduler.
[[0;32m  OK  [0m] Stopped Accounts Service.
[[0;32m  OK  [0m] Stopped irqbalance daemon.
[[0;32m  OK  [0m] Stopped Dispatcher daemon for systemd-networkd.
[[0;32m  OK  [0m] Stopped OpenBSD Secure Shell server.
[[0;32m  OK  [0m] Stopped vsftpd FTP server.
[[0;32m  OK  [0m] Stopped Authorization Manager.
[[0;32m  OK  [0m] Stopped Serial Getty on ttyS0.
[[0;32m  OK  [0m] Stopped Getty on tty1.
[[0;32m  OK  [0m] Stopped User Manager for UID 1000.
[[0;32m  OK  [0m] Stopped D-Bus System Message Bus.
[[0;32m  OK  [0m] Stopped Session 7 of user vagrant.
[[0;32m  OK  [0m] Removed slice User Slice of vagrant.
[[0;32m  OK  [0m] Removed slice system-getty.slice.
[[0;32m  OK  [0m] Removed slice system-serial\x2dgetty.slice.
         Stopping Permit User Sessions...
[[0;32m  OK  [0m] Stopped Unattended Upgrades Shutdown.
[[0;32m  OK  [0m] Stopped System Logging Service.
[[0;32m  OK  [0m] Stopped Availability of block devices.
[[0;32m  OK  [0m] Stopped FUSE filesystem for LXC.
[[0;32m  OK  [0m] Stopped Permit User Sessions.
[[0;32m  OK  [0m] Stopped LXD - container startup/shutdown.
         Stopping Login Service...
[[0;32m  OK  [0m] Stopped LSB: Record successful boot for GRUB.
[[0;32m  OK  [0m] Stopped LSB: automatic crash report generation.
[[0;32m  OK  [0m] Stopped Virtualbox guest utils.
[[0;32m  OK  [0m] Stopped Login Service.
[[0;32m  OK  [0m] Stopped target User and Group Name Lookups.
[[0;32m  OK  [0m] Stopped The Apache HTTP Server.
[[0;32m  OK  [0m] Stopped target Network.
[[0;32m  OK  [0m] Stopped target Basic System.
[[0;32m  OK  [0m] Stopped target Slices.
[[0;32m  OK  [0m] Removed slice User and Session Slice.
[[0;32m  OK  [0m] Stopped target Paths.
[[0;32m  OK  [0m] Stopped ACPI Events Check.
[[0;32m  OK  [0m] Stopped target Sockets.
[[0;32m  OK  [0m] Closed UUID daemon activation socket.
[[0;32m  OK  [0m] Closed ACPID Listen Socket.
[[0;32m  OK  [0m] Closed LXD - unix socket.
[[0;32m  OK  [0m] Closed Open-iSCSI iscsid Socket.
[[0;32m  OK  [0m] Closed Socket activation for snappy daemon.
[[0;32m  OK  [0m] Closed D-Bus System Message Bus Socket.
[[0;32m  OK  [0m] Closed Syslog Socket.
[[0;32m  OK  [0m] Stopped target Remote File Systems.
[[0;32m  OK  [0m] Stopped target Remote File Systems (Pre).
[[0;32m  OK  [0m] Stopped target Host and Network Name Lookups.
         Stopping Network Name Resolution...
[[0;32m  OK  [0m] Stopped target System Initialization.
[[0;32m  OK  [0m] Stopped target Local Encrypted Volumes.
[[0;32m  OK  [0m] Stopped Forward Password Requests to Wall Directory Watch.
[[0;32m  OK  [0m] Stopped Dispatch Password Requests to Console Directory Watch.
         Stopping Update UTMP about System Boot/Shutdown...
         Stopping Load/Save Random Seed...
[[0;32m  OK  [0m] Stopped Initial cloud-init job (metadata service crawler).
[[0;32m  OK  [0m] Stopped Network Name Resolution.
         Stopping Network Service...
[[0;32m  OK  [0m] Stopped Update UTMP about System Boot/Shutdown.
[[0;32m  OK  [0m] Stopped Create Volatile Files and Directories.
[[0;32m  OK  [0m] Stopped target Local File Systems.
         Unmounting /run/user/1000...
         Unmounting /vagrant...
[[0;32m  OK  [0m] Stopped Load/Save Random Seed.
[[0;32m  OK  [0m] Stopped Network Service.
[[0;32m  OK  [0m] Unmounted /run/user/1000.
[[0;32m  OK  [0m] Unmounted /vagrant.
[[0;32m  OK  [0m] Reached target Unmount All Filesystems.
[[0;32m  OK  [0m] Stopped target Local File Systems (Pre).
         Stopping Monitoring of LVM2 mirrors…ng dmeventd or progress polling...
[[0;32m  OK  [0m] Stopped Create Static Device Nodes in /dev.
[[0;32m  OK  [0m] Stopped target Swap.
[[0;32m  OK  [0m] Stopped target Network (Pre).
[[0;32m  OK  [0m] Stopped Initial cloud-init job (pre-networking).
[[0;32m  OK  [0m] Stopped Apply Kernel Variables.
[[0;32m  OK  [0m] Stopped Load Kernel Modules.
[[0;32m  OK  [0m] Stopped Remount Root and Kernel File Systems.
[[0;32m  OK  [0m] Reached target Shutdown.
[[0;32m  OK  [0m] Reached target Final Step.
         Starting Power-Off...
[[0;32m  OK  [0m] Stopped Monitoring of LVM2 mirrors,…sing dmeventd or progress polling.
         Stopping LVM2 metadata daemon...
[[0;32m  OK  [0m] Stopped LVM2 metadata daemon.
[ 8235.094673] reboot: Power down
